<?xml version="1.0" encoding="UTF-8"?>
<testsuite name="FactorialTest" tests="3" skipped="0" failures="0" errors="0" timestamp="2022-02-17T12:00:24" hostname="KSKR" time="0.032">
  <properties/>
  <testcase name="shouldReturnOneIfTheNumberIsZero()" classname="FactorialTest" time="0.029"/>
  <testcase name="shouldReturnHundredAndTwentyIfTheNumberIsFive()" classname="FactorialTest" time="0.0"/>
  <testcase name="shouldReturnOneIfTheNumberIsOne()" classname="FactorialTest" time="0.001"/>
  <system-out><![CDATA[]]></system-out>
  <system-err><![CDATA[]]></system-err>
</testsuite>
